<?xml version="1.0" encoding="UTF-8"?>
<!-- Generated by org.testng.reporters.JUnitReportReporter -->
<testsuite hostname="DESKTOP-3SHOLN6" failures="0" tests="1" name="com.mystore.testcases.IndexPageTest" time="16.629" errors="0" timestamp="2022-07-12T07:11:00 NPT" skipped="0">
  <testcase classname="com.mystore.testcases.IndexPageTest" name="verifytitle" time="16.629"/>
  <system-out/>
</testsuite> <!-- com.mystore.testcases.IndexPageTest -->
