<?xml version="1.0" encoding="UTF-8"?>
<!-- Generated by org.testng.reporters.JUnitReportReporter -->
<testsuite hostname="DESKTOP-3SHOLN6" failures="0" tests="1" name="com.mystore.testcases.OrderPageTest" time="22.528" errors="0" timestamp="2022-07-12T07:14:53 NPT" skipped="0">
  <testcase classname="com.mystore.testcases.OrderPageTest" name="Verifyproceedtocheckout" time="22.528"/>
  <system-out/>
</testsuite> <!-- com.mystore.testcases.OrderPageTest -->
