<?xml version="1.0" encoding="UTF-8"?>
<!-- Generated by org.testng.reporters.JUnitReportReporter -->
<testsuite hostname="DESKTOP-3SHOLN6" failures="0" tests="1" name="com.mystore.testcases.SearchResultPageTest" time="17.427" errors="0" timestamp="2022-07-12T07:12:44 NPT" skipped="0">
  <testcase classname="com.mystore.testcases.SearchResultPageTest" name="productavaliabilitytest" time="17.427"/>
  <system-out/>
</testsuite> <!-- com.mystore.testcases.SearchResultPageTest -->
