<?xml version="1.0" encoding="UTF-8"?>
<!-- Generated by org.testng.reporters.JUnitReportReporter -->
<testsuite hostname="DESKTOP-3SHOLN6" failures="0" tests="1" name="com.mystore.testcases.AddToCartPageTest" time="21.984" errors="0" timestamp="2022-07-12T07:13:38 NPT" skipped="0">
  <testcase classname="com.mystore.testcases.AddToCartPageTest" name="AddtoCartTest" time="21.984"/>
  <system-out/>
</testsuite> <!-- com.mystore.testcases.AddToCartPageTest -->
