<?xml version="1.0" encoding="UTF-8"?>
<!-- Generated by org.testng.reporters.JUnitReportReporter -->
<testsuite hostname="LV8CC73Z2" failures="0" tests="1" name="com.mystore.testcases.IndexPageTest" time="9.874" errors="0" timestamp="2022-07-12T19:31:20 NPT" skipped="0">
  <testcase classname="com.mystore.testcases.IndexPageTest" name="verifytitle" time="9.874"/>
  <system-out/>
</testsuite> <!-- com.mystore.testcases.IndexPageTest -->
